<?xml version="1.0" encoding="UTF-8"?>
<!-- Generated by org.testng.reporters.JUnitReportReporter -->
<testsuite hostname="WITCHER" name="Selenium.tests.AppTest" tests="2" failures="0" timestamp="11 Dec 2015 11:50:29 GMT" time="14.520" errors="0">
  <testcase name="withErrorNickname" time="6.451" classname="Selenium.tests.AppTest"/>
  <testcase name="withNickname" time="8.069" classname="Selenium.tests.AppTest"/>
</testsuite> <!-- Selenium.tests.AppTest -->
