<?xml version="1.0" encoding="UTF-8"?>
<!-- Generated by org.testng.reporters.JUnitReportReporter -->
<testsuite hostname="WITCHER" name="Selenium.tests.AppTest" tests="3" failures="0" timestamp="3 Dec 2015 10:07:59 GMT" time="15.154" errors="0">
  <testcase name="withErrorNickname" time="6.102" classname="Selenium.tests.AppTest"/>
  <testcase name="withoutNickname" time="2.156" classname="Selenium.tests.AppTest"/>
  <testcase name="withNickname" time="6.896" classname="Selenium.tests.AppTest"/>
</testsuite> <!-- Selenium.tests.AppTest -->
