<?xml version="1.0" encoding="UTF-8"?>
<!-- Generated by org.testng.reporters.JUnitReportReporter -->
<testsuite hostname="WITCHER" name="Selenium.tests.AppTest" tests="3" failures="0" timestamp="2 Dec 2015 14:49:34 GMT" time="16.997" errors="0">
  <testcase name="withNickname" time="7.596" classname="Selenium.tests.AppTest"/>
  <testcase name="withErrorNickname" time="6.459" classname="Selenium.tests.AppTest"/>
  <testcase name="withoutNickname" time="2.942" classname="Selenium.tests.AppTest"/>
</testsuite> <!-- Selenium.tests.AppTest -->
