<?xml version="1.0" encoding="UTF-8"?>
<!-- Generated by org.testng.reporters.JUnitReportReporter -->
<testsuite hostname="WITCHER" name="Selenium.tests.AppTest" tests="2" failures="0" timestamp="3 Dec 2015 14:49:05 GMT" time="15.556" errors="0">
  <testcase name="withErrorNickname" time="7.099" classname="Selenium.tests.AppTest"/>
  <testcase name="withNickname" time="8.457" classname="Selenium.tests.AppTest"/>
</testsuite> <!-- Selenium.tests.AppTest -->
