<?xml version="1.0" encoding="UTF-8"?>
<!-- Generated by org.testng.reporters.JUnitReportReporter -->
<testsuite hostname="WITCHER" name="Selenium.tests.WithNicknameTest" tests="2" failures="0" timestamp="2 Dec 2015 14:36:14 GMT" time="10.196" errors="0">
  <testcase name="withNickname" time="8.012" classname="Selenium.tests.WithNicknameTest"/>
  <testcase name="withoutNickname" time="2.184" classname="Selenium.tests.WithNicknameTest"/>
</testsuite> <!-- Selenium.tests.WithNicknameTest -->
