<?xml version="1.0" encoding="UTF-8"?>
<!-- Generated by org.testng.reporters.JUnitReportReporter -->
<testsuite hostname="WITCHER" name="Selenium.AppTest" tests="1" failures="0" timestamp="2 Dec 2015 11:19:25 GMT" time="10.238" errors="0">
  <testcase name="shouldPagesLoads" time="10.238" classname="Selenium.AppTest"/>
</testsuite> <!-- Selenium.AppTest -->
