<?xml version="1.0" encoding="UTF-8"?>
<!-- Generated by org.testng.reporters.JUnitReportReporter -->
<testsuite hostname="WITCHER" name="Selenium.tests.AppTest" tests="1" failures="0" timestamp="2 Dec 2015 13:08:10 GMT" time="4.549" errors="0">
  <testcase name="withoutNickname" time="4.549" classname="Selenium.tests.AppTest"/>
</testsuite> <!-- Selenium.tests.AppTest -->
